-------------------------------------------------------------------------------
Test set: com.segurosbolivar.refactoring.errors.BackendLibraryApplicationTests
-------------------------------------------------------------------------------
Tests run: 1, Failures: 0, Errors: 1, Skipped: 0, Time elapsed: 0.338 s <<< FAILURE! - in com.segurosbolivar.refactoring.errors.BackendLibraryApplicationTests
com.segurosbolivar.refactoring.errors.BackendLibraryApplicationTests  Time elapsed: 0.337 s  <<< ERROR!
java.lang.IllegalStateException: Unable to find a @SpringBootConfiguration, you need to use @ContextConfiguration or @SpringBootTest(classes=...) with your test

